\BOOKMARK [1][-]{section.1}{Solid 1 - SRP, ISP og DIP}{}% 1
\BOOKMARK [2][-]{subsection.1.1}{Fokuspunkter}{section.1}% 2
\BOOKMARK [2][-]{subsection.1.2}{Single Responsibility Principle \(SRP\)}{section.1}% 3
\BOOKMARK [3][-]{subsubsection.1.2.1}{Brud p\345 SRP}{subsection.1.2}% 4
\BOOKMARK [2][-]{subsection.1.3}{Interface Segregation Principle \(ISP\)}{section.1}% 5
\BOOKMARK [2][-]{subsection.1.4}{Dependency Inversion Principle \(DIP\)}{section.1}% 6
\BOOKMARK [2][-]{subsection.1.5}{Hvordan fremmes godt SW design?}{section.1}% 7
\BOOKMARK [3][-]{subsubsection.1.5.1}{SRP}{subsection.1.5}% 8
\BOOKMARK [3][-]{subsubsection.1.5.2}{ISP}{subsection.1.5}% 9
\BOOKMARK [3][-]{subsubsection.1.5.3}{DIP}{subsection.1.5}% 10
\BOOKMARK [2][-]{subsection.1.6}{Eksempel}{section.1}% 11
\BOOKMARK [2][-]{subsection.1.7}{Redeg\370r for ulemper}{section.1}% 12
\BOOKMARK [1][-]{section.2}{Solid 2 - OCP, LSP og DIP}{}% 13
\BOOKMARK [2][-]{subsection.2.1}{Fokuspunkter}{section.2}% 14
\BOOKMARK [2][-]{subsection.2.2}{Open-Closed Principle \(OCP\)}{section.2}% 15
\BOOKMARK [3][-]{subsubsection.2.2.1}{HOW TO OCP}{subsection.2.2}% 16
\BOOKMARK [3][-]{subsubsection.2.2.2}{Perspektiver}{subsection.2.2}% 17
\BOOKMARK [2][-]{subsection.2.3}{Lisskov's Substitution Principle \(LSP\)}{section.2}% 18
\BOOKMARK [3][-]{subsubsection.2.3.1}{Pre -og postconditions}{subsection.2.3}% 19
\BOOKMARK [3][-]{subsubsection.2.3.2}{LSP overholdt}{subsection.2.3}% 20
\BOOKMARK [3][-]{subsubsection.2.3.3}{Brud p\345 LSP}{subsection.2.3}% 21
\BOOKMARK [2][-]{subsection.2.4}{Dependency Inversion Principle \(DIP\)}{section.2}% 22
\BOOKMARK [2][-]{subsection.2.5}{Hvordan fremmes godt SW design?}{section.2}% 23
\BOOKMARK [2][-]{subsection.2.6}{Eksempel}{section.2}% 24
\BOOKMARK [2][-]{subsection.2.7}{Redeg\370r for ulemper}{section.2}% 25
\BOOKMARK [1][-]{section.3}{Patterns 1 - GoF Strategy + GoF Template Method}{}% 26
\BOOKMARK [2][-]{subsection.3.1}{Fokuspunkter}{section.3}% 27
\BOOKMARK [2][-]{subsection.3.2}{Hvad er et software pattern?}{section.3}% 28
\BOOKMARK [1][-]{section.4}{Patterns 2 - GoF Observer}{}% 29
\BOOKMARK [2][-]{subsection.4.1}{Fokuspunkter}{section.4}% 30
\BOOKMARK [2][-]{subsection.4.2}{Hvad er et software pattern?}{section.4}% 31
\BOOKMARK [1][-]{section.5}{Patterns 3 - GoF Singleton + Method/Abstract Factory}{}% 32
\BOOKMARK [2][-]{subsection.5.1}{Fokuspunkter}{section.5}% 33
\BOOKMARK [2][-]{subsection.5.2}{Hvad er et software pattern?}{section.5}% 34
\BOOKMARK [1][-]{section.6}{Patterns 4 - State patterns}{}% 35
\BOOKMARK [2][-]{subsection.6.1}{Fokuspunkter}{section.6}% 36
\BOOKMARK [2][-]{subsection.6.2}{Hvad er et software pattern?}{section.6}% 37
\BOOKMARK [1][-]{section.7}{Patterns 5 - Model-View-Controller og Model-View-ViewModel}{}% 38
\BOOKMARK [2][-]{subsection.7.1}{Fokuspunkter}{section.7}% 39
\BOOKMARK [2][-]{subsection.7.2}{Hvad er et software pattern?}{section.7}% 40
\BOOKMARK [2][-]{subsection.7.3}{Redeg\370r for Model-View-Control m\370nstret og dets variationer}{section.7}% 41
\BOOKMARK [2][-]{subsection.7.4}{Redeg\370r for Model-ViewModel m\370nstret}{section.7}% 42
\BOOKMARK [1][-]{section.8}{Patterns 6 - Redeg\370r for f\370lgende concurrency m\370nstre}{}% 43
\BOOKMARK [2][-]{subsection.8.1}{Fokuspunkter}{section.8}% 44
\BOOKMARK [1][-]{section.9}{Dom\346nemodeller og Domain Driven Design}{}% 45
\BOOKMARK [2][-]{subsection.9.1}{Fokuspunkter}{section.9}% 46
\BOOKMARK [1][-]{section.10}{Software arkitektur}{}% 47
\BOOKMARK [2][-]{subsection.10.1}{Fokuspunkter}{section.10}% 48
